Nov 22, 2019 8:56:52 PM org.xframium.device.ng.RunContainer addRun
WARNING: xF-Acquiring Test Package...:ADDING Chrome - TC01_ValidLogin
Nov 22, 2019 8:56:52 PM org.xframium.device.factory.DriverManager getDriverFactory
INFO: Creating Driver Factory as org.xframium.device.factory.spi.WEBDriverFactory
Nov 22, 2019 8:56:52 PM org.xframium.device.factory.spi.WEBDriverFactory _createDriver
INFO: xF-TC01_ValidLogin-->Windows chrome: Acquiring Device as: 
_testName=TC01_ValidLogin
browserName=chrome
model=Chrome
platform=ANY
platformName=Windows
version=

against http://127.0.0.1:4444/wd/hub
Nov 22, 2019 8:56:55 PM org.xframium.device.factory.spi.WEBDriverFactory _createDriver
SEVERE: Could not connect to Google Chrome (Chrome) (Could not start a new session. Possible causes are invalid address of the remote server or browser start-up failure.
Build info: version: '3.13.0', revision: '2f0d292', time: '2018-06-25T15:24:21.231Z'
System info: host: 'DESKTOP-MVRFUI0', ip: '192.168.1.73', os.name: 'Windows 10', os.arch: 'amd64', os.version: '10.0', java.version: '1.8.0_73'
Driver info: driver.version: RemoteWebDriver)
org.openqa.selenium.remote.UnreachableBrowserException: Could not start a new session. Possible causes are invalid address of the remote server or browser start-up failure.
Build info: version: '3.13.0', revision: '2f0d292', time: '2018-06-25T15:24:21.231Z'
System info: host: 'DESKTOP-MVRFUI0', ip: '192.168.1.73', os.name: 'Windows 10', os.arch: 'amd64', os.version: '10.0', java.version: '1.8.0_73'
Driver info: driver.version: RemoteWebDriver
	at org.openqa.selenium.remote.RemoteWebDriver.execute(RemoteWebDriver.java:569)
	at org.openqa.selenium.remote.RemoteWebDriver.startSession(RemoteWebDriver.java:212)
	at org.openqa.selenium.remote.RemoteWebDriver.<init>(RemoteWebDriver.java:130)
	at org.openqa.selenium.remote.RemoteWebDriver.<init>(RemoteWebDriver.java:143)
	at org.xframium.device.factory.spi.WEBDriverFactory._createDriver(WEBDriverFactory.java:196)
	at org.xframium.device.factory.AbstractDriverFactory.createDriver(AbstractDriverFactory.java:156)
	at org.xframium.device.factory.AbstractDriverFactory.createDriver(AbstractDriverFactory.java:126)
	at org.xframium.device.factory.AbstractDriverFactory.createDriver(AbstractDriverFactory.java:131)
	at org.xframium.device.DeviceManager.getDevice(DeviceManager.java:467)
	at org.xframium.device.ng.TestContainer.getTestPackage(TestContainer.java:114)
	at org.xframium.device.ng.AbstractSeleniumTest.beforeMethod(AbstractSeleniumTest.java:438)
	at sun.reflect.NativeMethodAccessorImpl.invoke0(Native Method)
	at sun.reflect.NativeMethodAccessorImpl.invoke(NativeMethodAccessorImpl.java:62)
	at sun.reflect.DelegatingMethodAccessorImpl.invoke(DelegatingMethodAccessorImpl.java:43)
	at java.lang.reflect.Method.invoke(Method.java:497)
	at org.testng.internal.MethodInvocationHelper.invokeMethod(MethodInvocationHelper.java:86)
	at org.testng.internal.Invoker.invokeConfigurationMethod(Invoker.java:514)
	at org.testng.internal.Invoker.invokeConfigurations(Invoker.java:215)
	at org.testng.internal.Invoker.invokeMethod(Invoker.java:589)
	at org.testng.internal.Invoker.invokeTestMethod(Invoker.java:820)
	at org.testng.internal.TestMethodWithDataProviderMethodWorker.call(TestMethodWithDataProviderMethodWorker.java:75)
	at org.testng.internal.TestMethodWithDataProviderMethodWorker.call(TestMethodWithDataProviderMethodWorker.java:14)
	at java.util.concurrent.FutureTask.run(FutureTask.java:266)
	at java.util.concurrent.Executors$RunnableAdapter.call(Executors.java:511)
	at java.util.concurrent.FutureTask.run(FutureTask.java:266)
	at java.util.concurrent.ThreadPoolExecutor.runWorker(ThreadPoolExecutor.java:1142)
	at java.util.concurrent.ThreadPoolExecutor$Worker.run(ThreadPoolExecutor.java:617)
	at java.lang.Thread.run(Thread.java:745)
Caused by: java.net.ConnectException: Failed to connect to /127.0.0.1:4444
	at okhttp3.internal.connection.RealConnection.connectSocket(RealConnection.java:242)
	at okhttp3.internal.connection.RealConnection.connect(RealConnection.java:160)
	at okhttp3.internal.connection.StreamAllocation.findConnection(StreamAllocation.java:257)
	at okhttp3.internal.connection.StreamAllocation.findHealthyConnection(StreamAllocation.java:135)
	at okhttp3.internal.connection.StreamAllocation.newStream(StreamAllocation.java:114)
	at okhttp3.internal.connection.ConnectInterceptor.intercept(ConnectInterceptor.java:42)
	at okhttp3.internal.http.RealInterceptorChain.proceed(RealInterceptorChain.java:147)
	at okhttp3.internal.http.RealInterceptorChain.proceed(RealInterceptorChain.java:121)
	at okhttp3.internal.cache.CacheInterceptor.intercept(CacheInterceptor.java:93)
	at okhttp3.internal.http.RealInterceptorChain.proceed(RealInterceptorChain.java:147)
	at okhttp3.internal.http.RealInterceptorChain.proceed(RealInterceptorChain.java:121)
	at okhttp3.internal.http.BridgeInterceptor.intercept(BridgeInterceptor.java:93)
	at okhttp3.internal.http.RealInterceptorChain.proceed(RealInterceptorChain.java:147)
	at okhttp3.internal.http.RetryAndFollowUpInterceptor.intercept(RetryAndFollowUpInterceptor.java:126)
	at okhttp3.internal.http.RealInterceptorChain.proceed(RealInterceptorChain.java:147)
	at okhttp3.internal.http.RealInterceptorChain.proceed(RealInterceptorChain.java:121)
	at okhttp3.RealCall.getResponseWithInterceptorChain(RealCall.java:200)
	at okhttp3.RealCall.execute(RealCall.java:77)
	at org.openqa.selenium.remote.internal.OkHttpClient.execute(OkHttpClient.java:105)
	at org.openqa.selenium.remote.ProtocolHandshake.createSession(ProtocolHandshake.java:101)
	at org.openqa.selenium.remote.ProtocolHandshake.createSession(ProtocolHandshake.java:73)
	at org.openqa.selenium.remote.HttpCommandExecutor.execute(HttpCommandExecutor.java:136)
	at org.openqa.selenium.remote.RemoteWebDriver.execute(RemoteWebDriver.java:548)
	... 27 more
Caused by: java.net.ConnectException: Connection refused: connect
	at java.net.DualStackPlainSocketImpl.waitForConnect(Native Method)
	at java.net.DualStackPlainSocketImpl.socketConnect(DualStackPlainSocketImpl.java:85)
	at java.net.AbstractPlainSocketImpl.doConnect(AbstractPlainSocketImpl.java:350)
	at java.net.AbstractPlainSocketImpl.connectToAddress(AbstractPlainSocketImpl.java:206)
	at java.net.AbstractPlainSocketImpl.connect(AbstractPlainSocketImpl.java:188)
	at java.net.PlainSocketImpl.connect(PlainSocketImpl.java:172)
	at java.net.SocksSocketImpl.connect(SocksSocketImpl.java:392)
	at java.net.Socket.connect(Socket.java:589)
	at okhttp3.internal.platform.Platform.connectSocket(Platform.java:129)
	at okhttp3.internal.connection.RealConnection.connectSocket(RealConnection.java:240)
	... 49 more

Nov 22, 2019 8:56:55 PM org.xframium.device.DeviceManager getDevice
WARNING: xF-TC01_ValidLogin-->Windows chrome: Could not connect to device - Windows chrome
Nov 22, 2019 8:56:55 PM org.xframium.device.ng.RunContainer addRun
WARNING: xF-TC01_ValidLogin-->Windows chrome:Issued RESET on Chrome - TC01_ValidLogin
Nov 22, 2019 8:56:55 PM org.xframium.device.ng.RunContainer addRun
WARNING: xF-TC01_ValidLogin-->Windows chrome:ADDING Chrome - TC02_InValidLogin
Nov 22, 2019 8:56:55 PM org.xframium.device.factory.spi.WEBDriverFactory _createDriver
INFO: xF-TC02_InValidLogin-->Windows chrome: Acquiring Device as: 
_testName=TC02_InValidLogin
browserName=chrome
model=Chrome
platform=ANY
platformName=Windows
version=

against http://127.0.0.1:4444/wd/hub
Nov 22, 2019 8:56:57 PM org.xframium.device.factory.spi.WEBDriverFactory _createDriver
SEVERE: Could not connect to Google Chrome (Chrome) (Could not start a new session. Possible causes are invalid address of the remote server or browser start-up failure.
Build info: version: '3.13.0', revision: '2f0d292', time: '2018-06-25T15:24:21.231Z'
System info: host: 'DESKTOP-MVRFUI0', ip: '192.168.1.73', os.name: 'Windows 10', os.arch: 'amd64', os.version: '10.0', java.version: '1.8.0_73'
Driver info: driver.version: RemoteWebDriver)
org.openqa.selenium.remote.UnreachableBrowserException: Could not start a new session. Possible causes are invalid address of the remote server or browser start-up failure.
Build info: version: '3.13.0', revision: '2f0d292', time: '2018-06-25T15:24:21.231Z'
System info: host: 'DESKTOP-MVRFUI0', ip: '192.168.1.73', os.name: 'Windows 10', os.arch: 'amd64', os.version: '10.0', java.version: '1.8.0_73'
Driver info: driver.version: RemoteWebDriver
	at org.openqa.selenium.remote.RemoteWebDriver.execute(RemoteWebDriver.java:569)
	at org.openqa.selenium.remote.RemoteWebDriver.startSession(RemoteWebDriver.java:212)
	at org.openqa.selenium.remote.RemoteWebDriver.<init>(RemoteWebDriver.java:130)
	at org.openqa.selenium.remote.RemoteWebDriver.<init>(RemoteWebDriver.java:143)
	at org.xframium.device.factory.spi.WEBDriverFactory._createDriver(WEBDriverFactory.java:196)
	at org.xframium.device.factory.AbstractDriverFactory.createDriver(AbstractDriverFactory.java:156)
	at org.xframium.device.factory.AbstractDriverFactory.createDriver(AbstractDriverFactory.java:126)
	at org.xframium.device.factory.AbstractDriverFactory.createDriver(AbstractDriverFactory.java:131)
	at org.xframium.device.DeviceManager.getDevice(DeviceManager.java:467)
	at org.xframium.device.ng.TestContainer.getTestPackage(TestContainer.java:114)
	at org.xframium.device.ng.AbstractSeleniumTest.beforeMethod(AbstractSeleniumTest.java:438)
	at sun.reflect.NativeMethodAccessorImpl.invoke0(Native Method)
	at sun.reflect.NativeMethodAccessorImpl.invoke(NativeMethodAccessorImpl.java:62)
	at sun.reflect.DelegatingMethodAccessorImpl.invoke(DelegatingMethodAccessorImpl.java:43)
	at java.lang.reflect.Method.invoke(Method.java:497)
	at org.testng.internal.MethodInvocationHelper.invokeMethod(MethodInvocationHelper.java:86)
	at org.testng.internal.Invoker.invokeConfigurationMethod(Invoker.java:514)
	at org.testng.internal.Invoker.invokeConfigurations(Invoker.java:215)
	at org.testng.internal.Invoker.invokeMethod(Invoker.java:589)
	at org.testng.internal.Invoker.invokeTestMethod(Invoker.java:820)
	at org.testng.internal.TestMethodWithDataProviderMethodWorker.call(TestMethodWithDataProviderMethodWorker.java:75)
	at org.testng.internal.TestMethodWithDataProviderMethodWorker.call(TestMethodWithDataProviderMethodWorker.java:14)
	at java.util.concurrent.FutureTask.run(FutureTask.java:266)
	at java.util.concurrent.Executors$RunnableAdapter.call(Executors.java:511)
	at java.util.concurrent.FutureTask.run(FutureTask.java:266)
	at java.util.concurrent.ThreadPoolExecutor.runWorker(ThreadPoolExecutor.java:1142)
	at java.util.concurrent.ThreadPoolExecutor$Worker.run(ThreadPoolExecutor.java:617)
	at java.lang.Thread.run(Thread.java:745)
Caused by: java.net.ConnectException: Failed to connect to /127.0.0.1:4444
	at okhttp3.internal.connection.RealConnection.connectSocket(RealConnection.java:242)
	at okhttp3.internal.connection.RealConnection.connect(RealConnection.java:160)
	at okhttp3.internal.connection.StreamAllocation.findConnection(StreamAllocation.java:257)
	at okhttp3.internal.connection.StreamAllocation.findHealthyConnection(StreamAllocation.java:135)
	at okhttp3.internal.connection.StreamAllocation.newStream(StreamAllocation.java:114)
	at okhttp3.internal.connection.ConnectInterceptor.intercept(ConnectInterceptor.java:42)
	at okhttp3.internal.http.RealInterceptorChain.proceed(RealInterceptorChain.java:147)
	at okhttp3.internal.http.RealInterceptorChain.proceed(RealInterceptorChain.java:121)
	at okhttp3.internal.cache.CacheInterceptor.intercept(CacheInterceptor.java:93)
	at okhttp3.internal.http.RealInterceptorChain.proceed(RealInterceptorChain.java:147)
	at okhttp3.internal.http.RealInterceptorChain.proceed(RealInterceptorChain.java:121)
	at okhttp3.internal.http.BridgeInterceptor.intercept(BridgeInterceptor.java:93)
	at okhttp3.internal.http.RealInterceptorChain.proceed(RealInterceptorChain.java:147)
	at okhttp3.internal.http.RetryAndFollowUpInterceptor.intercept(RetryAndFollowUpInterceptor.java:126)
	at okhttp3.internal.http.RealInterceptorChain.proceed(RealInterceptorChain.java:147)
	at okhttp3.internal.http.RealInterceptorChain.proceed(RealInterceptorChain.java:121)
	at okhttp3.RealCall.getResponseWithInterceptorChain(RealCall.java:200)
	at okhttp3.RealCall.execute(RealCall.java:77)
	at org.openqa.selenium.remote.internal.OkHttpClient.execute(OkHttpClient.java:105)
	at org.openqa.selenium.remote.ProtocolHandshake.createSession(ProtocolHandshake.java:101)
	at org.openqa.selenium.remote.ProtocolHandshake.createSession(ProtocolHandshake.java:73)
	at org.openqa.selenium.remote.HttpCommandExecutor.execute(HttpCommandExecutor.java:136)
	at org.openqa.selenium.remote.RemoteWebDriver.execute(RemoteWebDriver.java:548)
	... 27 more
Caused by: java.net.ConnectException: Connection refused: connect
	at java.net.DualStackPlainSocketImpl.waitForConnect(Native Method)
	at java.net.DualStackPlainSocketImpl.socketConnect(DualStackPlainSocketImpl.java:85)
	at java.net.AbstractPlainSocketImpl.doConnect(AbstractPlainSocketImpl.java:350)
	at java.net.AbstractPlainSocketImpl.connectToAddress(AbstractPlainSocketImpl.java:206)
	at java.net.AbstractPlainSocketImpl.connect(AbstractPlainSocketImpl.java:188)
	at java.net.PlainSocketImpl.connect(PlainSocketImpl.java:172)
	at java.net.SocksSocketImpl.connect(SocksSocketImpl.java:392)
	at java.net.Socket.connect(Socket.java:589)
	at okhttp3.internal.platform.Platform.connectSocket(Platform.java:129)
	at okhttp3.internal.connection.RealConnection.connectSocket(RealConnection.java:240)
	... 49 more

Nov 22, 2019 8:56:57 PM org.xframium.device.DeviceManager getDevice
WARNING: xF-TC02_InValidLogin-->Windows chrome: Could not connect to device - Windows chrome
Nov 22, 2019 8:56:57 PM org.xframium.device.ng.RunContainer addRun
WARNING: xF-TC02_InValidLogin-->Windows chrome:Issued RESET on Chrome - TC02_InValidLogin
Nov 22, 2019 8:56:58 PM org.xframium.device.ng.RunContainer addRun
WARNING: xF-TC02_InValidLogin-->Windows chrome:ADDING Chrome - TC01_ValidLogin
Nov 22, 2019 8:56:58 PM org.xframium.device.factory.spi.WEBDriverFactory _createDriver
INFO: xF-TC01_ValidLogin-->Windows chrome: Acquiring Device as: 
_testName=TC01_ValidLogin
browserName=chrome
model=Chrome
platform=ANY
platformName=Windows
version=

against http://127.0.0.1:4444/wd/hub
Nov 22, 2019 8:57:07 PM org.openqa.selenium.remote.ProtocolHandshake createSession
INFO: Detected dialect: OSS
Nov 22, 2019 8:57:07 PM org.xframium.device.factory.DeviceWebDriver$DeviceTimeouts implicitlyWait
INFO: Setting IMPLICIT WAIT to 10000
Nov 22, 2019 8:57:07 PM org.xframium.device.factory.DeviceWebDriver setExecutionId
INFO: Execution ID recorded as [82a8f8bb-a99b-4a95-a97b-9a4fbc7a129a]
Nov 22, 2019 8:57:13 PM org.xframium.device.ng.TestContainer getTestPackage
WARNING: Test Started: Chrome - TC01_ValidLogin - WINDOWS 10 Chrome - org.xframium.device.ng.TestPackage@131dac14 - org.xframium.device.ng.TestName@27f77665
Nov 22, 2019 8:57:13 PM org.xframium.device.ng.AbstractSeleniumTest beforeMethod
INFO: xF-TC01_ValidLogin-->Windows chrome: acquired for testDriver
Nov 22, 2019 8:57:13 PM org.xframium.driver.XMLTestDriver testDriver
INFO: xF-TC01_ValidLogin-->Windows chrome: Performing initialization checked for Chrome - TC01_ValidLogin
Nov 22, 2019 8:57:13 PM org.xframium.driver.XMLTestDriver testDriver
INFO: xF-TC01_ValidLogin-->Windows chrome: Executing Chrome - TC01_ValidLogin against Chrome
Nov 22, 2019 8:57:13 PM org.xframium.page.keyWord.KeyWordDriver logConsole
WARNING: **********************************************************************************************************************
Executing [org.xframium.device.ng.TestName@27f77665]
**********************************************************************************************************************

Nov 22, 2019 8:57:13 PM org.xframium.page.keyWord.KeyWordDriver executeTest
INFO: xF-TC01_ValidLogin-->Windows chrome: Configuring Data Providers
Nov 22, 2019 8:57:13 PM org.xframium.page.keyWord.KeyWordDriver executeTest
INFO: Data Provider set as  [LoginCredentials.TestUser_One, ]
Nov 22, 2019 8:57:13 PM org.xframium.page.keyWord.KeyWordDriver executeTest
INFO: Adding LoginCredentials.TestUser_One as Name: TestUser_One
Type: LoginCredentials
[UserName='admin']
[Password='demo123']

Nov 22, 2019 8:57:13 PM org.xframium.page.keyWord.KeyWordDriver executeTest
INFO: xF-TC01_ValidLogin-->Windows chrome: Configuring Data Drivers
Nov 22, 2019 8:57:13 PM org.xframium.page.keyWord.KeyWordDriver executeTest
INFO: xF-TC01_ValidLogin-->Windows chrome: Alerting Listeners
Nov 22, 2019 8:57:13 PM org.xframium.page.keyWord.KeyWordDriver executeTest
INFO: xF-TC01_ValidLogin-->Windows chrome: Processing Initialization
Nov 22, 2019 8:57:13 PM org.xframium.page.keyWord.KeyWordDriver executeTest
INFO: xF-TC01_ValidLogin-->Windows chrome: Executing Test=true
Nov 22, 2019 8:57:13 PM org.xframium.page.keyWord.KeyWordTest executeTest
INFO: *** Executing Test TC01_ValidLogin
Nov 22, 2019 8:57:13 PM org.xframium.page.keyWord.step.AbstractKeyWordStep executeStep
INFO: xF-TC01_ValidLogin-->Windows chrome: Executing Step Login_Function(KWSCall2)
Nov 22, 2019 8:57:13 PM org.xframium.page.keyWord.KeyWordTest executeTest
INFO: *** Executing Test Login_Function
Nov 22, 2019 8:57:13 PM org.xframium.page.keyWord.step.AbstractKeyWordStep executeStep
INFO: xF-TC01_ValidLogin-->Windows chrome: Executing Step MAXIMIZE(KWSBrowser)
Nov 22, 2019 8:57:13 PM org.xframium.page.keyWord.KeyWordTest executeTest
INFO: Creating Page [CloudSchool.CSLoginPage]
Nov 22, 2019 8:57:13 PM org.xframium.page.factory.DefaultPageFactory _createPage
INFO: Attempting to create PROXY interface by interface org.xframium.page.keyWord.KeyWordPage
Nov 22, 2019 8:57:13 PM org.xframium.page.keyWord.step.AbstractKeyWordStep executeStep
INFO: xF-TC01_ValidLogin-->Windows chrome: Executing Step CloudScl_img.VISIBLE(KWSWaitFor)
Nov 22, 2019 8:57:13 PM org.xframium.page.factory.LocalPageFactory _createPage
INFO: Creating page implementation as org.xframium.page.keyWord.spi.KeyWordPageImpl
Nov 22, 2019 8:57:13 PM org.xframium.device.factory.DeviceWebDriver _getContext
WARNING: Context Switches are not supported - Build info: version: '2.53.0', revision: '35ae25b', time: '2016-03-15 17:00:58'
System info: host: 'DESKTOP-MVRFUI0', ip: '192.168.1.73', os.name: 'Windows 10', os.arch: 'x86', os.version: '10.0', java.version: '1.8.0_221'
Driver info: driver.version: unknown
Command duration or timeout: 0 milliseconds
Nov 22, 2019 8:57:13 PM org.xframium.device.factory.DeviceWebDriver findElements
INFO: xF-TC01_ValidLogin-->Windows chrome: Locating element using [By.xpath: //div[@class='login-logo']//a//img]
Nov 22, 2019 8:57:13 PM org.xframium.device.factory.DeviceWebDriver$DeviceTimeouts implicitlyWait
INFO: Setting IMPLICIT WAIT to 10000
Nov 22, 2019 8:57:13 PM org.xframium.page.keyWord.step.AbstractKeyWordStep executeStep
INFO: xF-TC01_ValidLogin-->Windows chrome: Executing Step Username_txtbox.CLICKABLE(KWSWaitFor)
Nov 22, 2019 8:57:13 PM org.xframium.device.factory.DeviceWebDriver findElements
INFO: xF-TC01_ValidLogin-->Windows chrome: Locating element using [By.xpath: //input[@name='username']]
Nov 22, 2019 8:57:13 PM org.xframium.device.factory.DeviceWebDriver$DeviceTimeouts implicitlyWait
INFO: Setting IMPLICIT WAIT to 10000
Nov 22, 2019 8:57:13 PM org.xframium.page.keyWord.step.AbstractKeyWordStep executeStep
INFO: xF-TC01_ValidLogin-->Windows chrome: Executing Step Username_txtbox(KWSSet)
Nov 22, 2019 8:57:13 PM org.xframium.page.keyWord.step.spi.KWSSet _executeStep
INFO: Attmepting to set Username_txtbox to [admin]
Nov 22, 2019 8:57:13 PM org.xframium.device.factory.DeviceWebDriver findElements
INFO: xF-TC01_ValidLogin-->Windows chrome: Locating element using [By.xpath: //input[@name='username']]
Nov 22, 2019 8:57:13 PM org.xframium.page.element.spi.set.AbstractSetMethod set
INFO: xF-TC01_ValidLogin-->Windows chrome: Setting value to admin using [DefaultSetMethod]
Nov 22, 2019 8:57:14 PM org.xframium.page.keyWord.step.AbstractKeyWordStep executeStep
INFO: xF-TC01_ValidLogin-->Windows chrome: Executing Step Password_txtbox(KWSSet)
Nov 22, 2019 8:57:14 PM org.xframium.page.keyWord.step.spi.KWSSet _executeStep
INFO: Attmepting to set Password_txtbox to [demo123]
Nov 22, 2019 8:57:14 PM org.xframium.device.factory.DeviceWebDriver findElements
INFO: xF-TC01_ValidLogin-->Windows chrome: Locating element using [By.xpath: //input[@name='password']]
Nov 22, 2019 8:57:14 PM org.xframium.page.element.spi.set.AbstractSetMethod set
INFO: xF-TC01_ValidLogin-->Windows chrome: Setting value to demo123 using [DefaultSetMethod]
Nov 22, 2019 8:57:14 PM org.xframium.page.keyWord.step.AbstractKeyWordStep executeStep
INFO: xF-TC01_ValidLogin-->Windows chrome: Executing Step Signin_btn(KWSClick)
Nov 22, 2019 8:57:14 PM org.xframium.device.factory.DeviceWebDriver findElements
INFO: xF-TC01_ValidLogin-->Windows chrome: Locating element using [By.xpath: //button[@class='btn btn-lg btn-block btn-flat login-button']]
Nov 22, 2019 8:57:16 PM org.xframium.page.keyWord.step.AbstractKeyWordStep executeStep
INFO: xF-TC01_ValidLogin-->Windows chrome: Executing Step Logout_Function(KWSCall2)
Nov 22, 2019 8:57:16 PM org.xframium.page.keyWord.KeyWordTest executeTest
INFO: *** Executing Test Logout_Function
Nov 22, 2019 8:57:16 PM org.xframium.page.keyWord.KeyWordTest executeTest
INFO: Creating Page [CloudSchool.CSHomePage]
Nov 22, 2019 8:57:16 PM org.xframium.page.factory.DefaultPageFactory _createPage
INFO: Attempting to create PROXY interface by interface org.xframium.page.keyWord.KeyWordPage
Nov 22, 2019 8:57:16 PM org.xframium.page.keyWord.step.AbstractKeyWordStep executeStep
INFO: xF-TC01_ValidLogin-->Windows chrome: Executing Step MrAdmin_topnav.CLICKABLE(KWSWaitFor)
Nov 22, 2019 8:57:16 PM org.xframium.device.factory.DeviceWebDriver findElements
INFO: xF-TC01_ValidLogin-->Windows chrome: Locating element using [By.xpath: (//span[contains(text(),'Mr. admin')])[1]]
Nov 22, 2019 8:57:16 PM org.xframium.device.factory.DeviceWebDriver$DeviceTimeouts implicitlyWait
INFO: Setting IMPLICIT WAIT to 10000
Nov 22, 2019 8:57:16 PM org.xframium.page.keyWord.step.AbstractKeyWordStep executeStep
INFO: xF-TC01_ValidLogin-->Windows chrome: Executing Step MrAdmin_topnav(KWSClick)
Nov 22, 2019 8:57:16 PM org.xframium.device.factory.DeviceWebDriver findElements
INFO: xF-TC01_ValidLogin-->Windows chrome: Locating element using [By.xpath: (//span[contains(text(),'Mr. admin')])[1]]
Nov 22, 2019 8:57:16 PM org.xframium.page.keyWord.step.AbstractKeyWordStep executeStep
INFO: xF-TC01_ValidLogin-->Windows chrome: Executing Step Logout_link.CLICKABLE(KWSWaitFor)
Nov 22, 2019 8:57:16 PM org.xframium.device.factory.DeviceWebDriver findElements
INFO: xF-TC01_ValidLogin-->Windows chrome: Locating element using [By.xpath: //li[contains(@class,'user-footer')]//div[1]//a[1]//div[1]]
Nov 22, 2019 8:57:16 PM org.xframium.device.factory.DeviceWebDriver$DeviceTimeouts implicitlyWait
INFO: Setting IMPLICIT WAIT to 10000
Nov 22, 2019 8:57:16 PM org.xframium.page.keyWord.step.AbstractKeyWordStep executeStep
INFO: xF-TC01_ValidLogin-->Windows chrome: Executing Step Logout_link(KWSClick)
Nov 22, 2019 8:57:16 PM org.xframium.device.factory.DeviceWebDriver findElements
INFO: xF-TC01_ValidLogin-->Windows chrome: Locating element using [By.xpath: //li[contains(@class,'user-footer')]//div[1]//a[1]//div[1]]
Nov 22, 2019 8:57:18 PM org.xframium.driver.XMLTestDriver testDriver
INFO: xF-TC01_ValidLogin-->Windows chrome: Completed Executing Chrome - TC01_ValidLogin against Chrome
Nov 22, 2019 8:57:18 PM org.xframium.device.ng.AbstractSeleniumTest cleanUpConnectedDevice
INFO: xF-TC01_ValidLogin-->Windows chrome: Attempting to clean up TC01_ValidLogin on WINDOWS 10 Chrome
Nov 22, 2019 8:57:18 PM org.xframium.device.ng.AbstractSeleniumTest cleanUpConnectedDevice
INFO: xF-TC01_ValidLogin-->Windows chrome:Closing WebDriver 
Nov 22, 2019 8:57:18 PM org.xframium.artifact.AbstractArtifact generateArtifact
INFO: xF-TC01_ValidLogin-->Windows chrome: Generating artifact for DEVICE_LOG
Nov 22, 2019 8:57:19 PM org.xframium.device.cloud.action.SELENIUMCloudActionProvider getLog
INFO: Could not generate device logs
Nov 22, 2019 8:57:19 PM org.xframium.artifact.AbstractArtifact generateArtifact
INFO: xF-TC01_ValidLogin-->Windows chrome: Generating artifact for CONSOLE_LOG
